Alexis
Taylor
Morgan
Riley
Avery
Jordan
Addison
Bailey
Kennedy
Rylee
Kendall
Peyton
Reagan
Angel
Skylar
Payton
Jordyn
Jamie
Ariel
Jayden
Dakota
Camryn
Reese
Jadyn
Guadalupe
Cameron
Jaden
Shannon
Skyler
Sage
Harley
Sidney
Casey
Logan
Hayden
Emerson
Ryan
Jaiden
Teagan
Amari
Dominique
Justice
London
Jessie
Kasey
Jaidyn
Dylan
Kayden
Jaylin
Quinn
Campbell
Parker
Tyler
Rowan
Shea
Ashton
Devyn
Micah
Phoenix
Devin
Charlie
Devon
Armani
Drew
